<?xml version="1.0" encoding="UTF-8"?>
<testsuites>
  <testsuite name="The Cypress io Website" timestamp="2021-11-22T20:31:55" time="43.869" tests="8" failures="0" errors="0" skipped="0">
    <properties>
      <property name="specId" value="0"/>
      <property name="featureName" value="The Cypress io  Website"/>
      <property name="capabilities" value="chrome.96_0_4664_45.windows"/>
      <property name="featureFile" value=".\features\new.feature"/>
    </properties>
    <testcase classname="CucumberJUnitReport-chrome.96_0_4664_45.windows.The Cypress io Website" name="Check page header text" time="6.173">
      <system-out><![CDATA[
✅ Given I should navigate to features page✅ And Text of pageHeader of features should be A test runner built for humans.
]]></system-out>
    </testcase>
    <testcase classname="CucumberJUnitReport-chrome.96_0_4664_45.windows.The Cypress io Website" name="Check page header text" time="8.058">
      <system-out><![CDATA[
✅ Given I should navigate to dashboard page✅ And Text of pageHeader of dashboard should be Test and debug faster with the Cypress Dashboard
]]></system-out>
    </testcase>
    <testcase classname="CucumberJUnitReport-chrome.96_0_4664_45.windows.The Cypress io Website" name="Check page header text" time="3.925">
      <system-out><![CDATA[
✅ Given I should navigate to pricing page✅ And Text of pageHeader of pricing should be Cypress Dashboard Pricing

]]></system-out>
    </testcase>
    <testcase classname="CucumberJUnitReport-chrome.96_0_4664_45.windows.The Cypress io Website" name="Check error message text for invalid email" time="4.696">
      <system-out><![CDATA[
✅ Then I should scroll into email search view✅ Then I input invalid "assss"✅ And I will check Email must be formatted correctly. which depends on error message when i click in subscribe button with invalid email
]]></system-out>
    </testcase>
    <testcase classname="CucumberJUnitReport-chrome.96_0_4664_45.windows.The Cypress io Website" name="Check error message text for invalid email" time="4.491">
      <system-out><![CDATA[
✅ Then I should scroll into email search view✅ Then I input invalid ""✅ And I will check Please complete this required field. which depends on error message when i click in subscribe button with invalid email
]]></system-out>
    </testcase>
    <testcase classname="CucumberJUnitReport-chrome.96_0_4664_45.windows.The Cypress io Website" name="Chek subscribe text vor valid email" time="6.344">
      <system-out><![CDATA[
✅ Given I should scroll into email search view✅ Then I should input valid grigor@email.com✅ And I should check subscribing Thanks for submitting the form.✅ And I should reload page for input new email
]]></system-out>
    </testcase>
    <testcase classname="CucumberJUnitReport-chrome.96_0_4664_45.windows.The Cypress io Website" name="Chek subscribe text vor valid email" time="6.665">
      <system-out><![CDATA[
✅ Given I should scroll into email search view✅ Then I should input valid newuser@mail.ru✅ And I should check subscribing Thanks for submitting the form.✅ And I should reload page for input new email
]]></system-out>
    </testcase>
    <testcase classname="CucumberJUnitReport-chrome.96_0_4664_45.windows.The Cypress io Website" name="check element visibility" time="3.378">
      <system-out><![CDATA[
✅ Given I click in cypressButton element✅ Then I will check visibility of cypressElement which contain message Copied to clipboard!
]]></system-out>
    </testcase>
  </testsuite>
</testsuites>